<?xml version="1.0" encoding="UTF-8"?>
<testsuite xmlns:xsi="http://www.w3.org/2001/XMLSchema-instance" xsi:noNamespaceSchemaLocation="https://maven.apache.org/surefire/maven-surefire-plugin/xsd/surefire-test-report.xsd" version="3.0.2" name="com.siri.springboot.Springboot13SsmApplicationTests" time="2.638" tests="1" errors="0" skipped="0" failures="0">
  <properties>
[...]
</properties>
  <testcase name="contextLoads" classname="com.siri.springboot.Springboot13SsmApplicationTests" time="0.522">
    <system-out><![CDATA[11:20:30.702 [main] INFO org.springframework.test.context.support.AnnotationConfigContextLoaderUtils -- Could not detect default configuration classes for test class [com.siri.springboot.Springboot13SsmApplicationTests]: Springboot13SsmApplicationTests does not declare any static, non-private, non-final, nested classes annotated with @Configuration.
11:20:30.793 [main] INFO org.springframework.boot.test.context.SpringBootTestContextBootstrapper -- Found @SpringBootConfiguration com.siri.springboot.Springboot13SsmApplication for test class com.siri.springboot.Springboot13SsmApplicationTests

  .   ____          _            __ _ _
 /\\ / ___'_ __ _ _(_)_ __  __ _ \ \ \ \
( ( )\___ | '_ | '_| | '_ \/ _` | \ \ \ \
 \\/  ___)| |_)| | | | | || (_| |  ) ) ) )
  '  |____| .__|_| |_|_| |_\__, | / / / /
 =========|_|==============|___/=/_/_/_/

 :: Spring Boot ::                (v3.5.7)

2025-11-10T11:20:31.105+08:00  INFO 3912 --- [springboot-13-ssm] [           main] c.s.s.Springboot13SsmApplicationTests    : Starting Springboot13SsmApplicationTests using Java 21.0.8 with PID 3912 (started by Lenovo in D:\Java技术栈\SpringBoot3\springboot-13-ssm)
2025-11-10T11:20:31.106+08:00  INFO 3912 --- [springboot-13-ssm] [           main] c.s.s.Springboot13SsmApplicationTests    : No active profile set, falling back to 1 default profile: "default"
2025-11-10T11:20:32.668+08:00  INFO 3912 --- [springboot-13-ssm] [           main] c.s.s.Springboot13SsmApplicationTests    : Started Springboot13SsmApplicationTests in 1.755 seconds (process running for 2.512)
]]></system-out>
    <system-err><![CDATA[Mockito is currently self-attaching to enable the inline-mock-maker. This will no longer work in future releases of the JDK. Please add Mockito as an agent to your build as described in Mockito's documentation: https://javadoc.io/doc/org.mockito/mockito-core/latest/org.mockito/org/mockito/Mockito.html#0.3
WARNING: A Java agent has been loaded dynamically (C:\Users\Lenovo\.m2\repository\net\bytebuddy\byte-buddy-agent\1.17.8\byte-buddy-agent-1.17.8.jar)
WARNING: If a serviceability tool is in use, please run with -XX:+EnableDynamicAgentLoading to hide this warning
WARNING: If a serviceability tool is not in use, please run with -Djdk.instrument.traceUsage for more information
WARNING: Dynamic loading of agents will be disallowed by default in a future release
]]></system-err>
  </testcase>
</testsuite>